[90m04-06-2024 16:18:31[39m [32mINFO[39m: Server started on port: 8080
[90m04-06-2024 16:18:31[39m [32mINFO[39m: Starting session TOGI Talk
[90m04-06-2024 16:18:31[39m [32mINFO[39m: Socket  TOGI Talk Connection Update connecting 
[90m04-06-2024 16:18:32[39m [32mINFO[39m: Socket  TOGI Talk Connection Update  
[90m04-06-2024 16:18:32[39m [32mINFO[39m: Socket  TOGI Talk Connection Update open 
[90m04-06-2024 16:18:32[39m [32mINFO[39m: Iniciando processamento de filas
[90m04-06-2024 16:18:32[39m [32mINFO[39m: Socket  TOGI Talk Connection Update  
[90m04-06-2024 16:18:49[39m [33mWARN[39m: Invalid token. We'll try to assign a new one on next request
[90m04-06-2024 16:20:14[39m [32mINFO[39m: Server started on port: 8080
[90m04-06-2024 16:20:14[39m [32mINFO[39m: Starting session TOGI Talk
[90m04-06-2024 16:20:14[39m [32mINFO[39m: Socket  TOGI Talk Connection Update connecting 
[90m04-06-2024 16:20:15[39m [32mINFO[39m: Socket  TOGI Talk Connection Update  
[90m04-06-2024 16:20:15[39m [32mINFO[39m: Socket  TOGI Talk Connection Update open 
[90m04-06-2024 16:20:15[39m [32mINFO[39m: Socket  TOGI Talk Connection Update  
[90m04-06-2024 16:20:15[39m [32mINFO[39m: Iniciando processamento de filas
[90m04-06-2024 16:23:23[39m [32mINFO[39m: Server started on port: 8080
[90m04-06-2024 16:23:23[39m [32mINFO[39m: Starting session TOGI Talk
[90m04-06-2024 16:23:23[39m [32mINFO[39m: Socket  TOGI Talk Connection Update connecting 
[90m04-06-2024 16:23:24[39m [32mINFO[39m: Socket  TOGI Talk Connection Update  
[90m04-06-2024 16:23:24[39m [32mINFO[39m: Socket  TOGI Talk Connection Update open 
[90m04-06-2024 16:23:24[39m [32mINFO[39m: Iniciando processamento de filas
[90m04-06-2024 16:23:24[39m [32mINFO[39m: Socket  TOGI Talk Connection Update  
